<?xml version="1.0" encoding="UTF-8"?>
<testng-results skipped="0" failed="0" ignored="0" total="1" passed="1">
  <reporter-output>
  </reporter-output>
  <suite name="Default suite" duration-ms="15734" started-at="2018-08-02T15:38:53Z" finished-at="2018-08-02T15:39:08Z">
    <groups>
    </groups>
    <test name="Default test" duration-ms="15734" started-at="2018-08-02T15:38:53Z" finished-at="2018-08-02T15:39:08Z">
      <class name="testngg.Test1">
        <test-method status="PASS" signature="beforeMethod()[pri:0, instance:testngg.Test1@1933fd1]" name="beforeMethod" is-config="true" duration-ms="15542" started-at="2018-08-02T15:38:53Z" finished-at="2018-08-02T15:39:08Z">
          <reporter-output>
          </reporter-output>
        </test-method> <!-- beforeMethod -->
        <test-method status="PASS" signature="f()[pri:0, instance:testngg.Test1@1933fd1]" name="f" duration-ms="144" started-at="2018-08-02T15:39:08Z" finished-at="2018-08-02T15:39:08Z">
          <reporter-output>
          </reporter-output>
        </test-method> <!-- f -->
        <test-method status="PASS" signature="afterMethod()[pri:0, instance:testngg.Test1@1933fd1]" name="afterMethod" is-config="true" duration-ms="15" started-at="2018-08-02T15:39:08Z" finished-at="2018-08-02T15:39:08Z">
          <reporter-output>
          </reporter-output>
        </test-method> <!-- afterMethod -->
      </class> <!-- testngg.Test1 -->
    </test> <!-- Default test -->
  </suite> <!-- Default suite -->
</testng-results>
